<?xml version="1.0" encoding="UTF-8"?>
<testsuite xmlns:xsi="http://www.w3.org/2001/XMLSchema-instance" xsi:noNamespaceSchemaLocation="https://maven.apache.org/surefire/maven-surefire-plugin/xsd/surefire-test-report-3.0.xsd" version="3.0" name="com.xmu.service.service.ServiceOrderServiceTest" time="0.206" tests="1" errors="0" skipped="0" failures="0">
  <properties>
    <property name="java.specification.version" value="17"/>
    <property name="sun.cpu.isalist" value="amd64"/>
    <property name="sun.jnu.encoding" value="GBK"/>
    <property name="java.class.path" value="D:\Desktop\oomall-2023\service\target\test-classes;D:\Desktop\oomall-2023\service\target\classes;D:\maven\MAVEN_REPOSITORY\com\h2database\h2\2.2.224\h2-2.2.224.jar;D:\maven\MAVEN_REPOSITORY\cn\edu\xmu\javaee\core\0.0.3-SNAPSHOT\core-0.0.3-SNAPSHOT.jar;D:\maven\MAVEN_REPOSITORY\com\auth0\java-jwt\4.4.0\java-jwt-4.4.0.jar;D:\maven\MAVEN_REPOSITORY\com\fasterxml\jackson\core\jackson-databind\2.17.3\jackson-databind-2.17.3.jar;D:\maven\MAVEN_REPOSITORY\com\fasterxml\jackson\core\jackson-annotations\2.17.3\jackson-annotations-2.17.3.jar;D:\maven\MAVEN_REPOSITORY\com\github\pagehelper\pagehelper-spring-boot-starter\2.1.0\pagehelper-spring-boot-starter-2.1.0.jar;D:\maven\MAVEN_REPOSITORY\org\mybatis\spring\boot\mybatis-spring-boot-starter\3.0.3\mybatis-spring-boot-starter-3.0.3.jar;D:\maven\MAVEN_REPOSITORY\org\mybatis\spring\boot\mybatis-spring-boot-autoconfigure\3.0.3\mybatis-spring-boot-autoconfigure-3.0.3.jar;D:\maven\MAVEN_REPOSITORY\org\mybatis\mybatis\3.5.14\mybatis-3.5.14.jar;D:\maven\MAVEN_REPOSITORY\org\mybatis\mybatis-spring\3.0.3\mybatis-spring-3.0.3.jar;D:\maven\MAVEN_REPOSITORY\com\github\pagehelper\pagehelper-spring-boot-autoconfigure\2.1.0\pagehelper-spring-boot-autoconfigure-2.1.0.jar;D:\maven\MAVEN_REPOSITORY\com\github\pagehelper\pagehelper\6.1.0\pagehelper-6.1.0.jar;D:\maven\MAVEN_REPOSITORY\com\github\jsqlparser\jsqlparser\4.7\jsqlparser-4.7.jar;D:\maven\MAVEN_REPOSITORY\org\springframework\cloud\spring-cloud-starter-loadbalancer\4.1.5\spring-cloud-starter-loadbalancer-4.1.5.jar;D:\maven\MAVEN_REPOSITORY\org\springframework\cloud\spring-cloud-loadbalancer\4.1.5\spring-cloud-loadbalancer-4.1.5.jar;D:\maven\MAVEN_REPOSITORY\io\projectreactor\addons\reactor-extra\3.5.2\reactor-extra-3.5.2.jar;D:\maven\MAVEN_REPOSITORY\org\springframework\boot\spring-boot-starter-cache\3.3.6\spring-boot-starter-cache-3.3.6.jar;D:\maven\MAVEN_REPOSITORY\com\stoyanr\evictor\1.0.0\evictor-1.0.0.jar;D:\maven\MAVEN_REPOSITORY\com\squareup\javapoet\1.13.0\javapoet-1.13.0.jar;D:\maven\MAVEN_REPOSITORY\com\google\auto\service\auto-service\1.0.1\auto-service-1.0.1.jar;D:\maven\MAVEN_REPOSITORY\com\google\auto\service\auto-service-annotations\1.0.1\auto-service-annotations-1.0.1.jar;D:\maven\MAVEN_REPOSITORY\com\google\auto\auto-common\1.2\auto-common-1.2.jar;D:\maven\MAVEN_REPOSITORY\com\google\guava\guava\31.0.1-jre\guava-31.0.1-jre.jar;D:\maven\MAVEN_REPOSITORY\com\google\guava\failureaccess\1.0.1\failureaccess-1.0.1.jar;D:\maven\MAVEN_REPOSITORY\com\google\guava\listenablefuture\9999.0-empty-to-avoid-conflict-with-guava\listenablefuture-9999.0-empty-to-avoid-conflict-with-guava.jar;D:\maven\MAVEN_REPOSITORY\com\google\code\findbugs\jsr305\3.0.2\jsr305-3.0.2.jar;D:\maven\MAVEN_REPOSITORY\org\checkerframework\checker-qual\3.12.0\checker-qual-3.12.0.jar;D:\maven\MAVEN_REPOSITORY\com\google\errorprone\error_prone_annotations\2.7.1\error_prone_annotations-2.7.1.jar;D:\maven\MAVEN_REPOSITORY\com\google\j2objc\j2objc-annotations\1.3\j2objc-annotations-1.3.jar;D:\maven\MAVEN_REPOSITORY\org\springframework\boot\spring-boot-starter-web\3.3.6\spring-boot-starter-web-3.3.6.jar;D:\maven\MAVEN_REPOSITORY\org\springframework\boot\spring-boot-starter\3.3.6\spring-boot-starter-3.3.6.jar;D:\maven\MAVEN_REPOSITORY\org\springframework\boot\spring-boot\3.3.6\spring-boot-3.3.6.jar;D:\maven\MAVEN_REPOSITORY\org\springframework\boot\spring-boot-starter-logging\3.3.6\spring-boot-starter-logging-3.3.6.jar;D:\maven\MAVEN_REPOSITORY\ch\qos\logback\logback-classic\1.5.12\logback-classic-1.5.12.jar;D:\maven\MAVEN_REPOSITORY\ch\qos\logback\logback-core\1.5.12\logback-core-1.5.12.jar;D:\maven\MAVEN_REPOSITORY\org\apache\logging\log4j\log4j-to-slf4j\2.23.1\log4j-to-slf4j-2.23.1.jar;D:\maven\MAVEN_REPOSITORY\org\apache\logging\log4j\log4j-api\2.23.1\log4j-api-2.23.1.jar;D:\maven\MAVEN_REPOSITORY\org\slf4j\jul-to-slf4j\2.0.16\jul-to-slf4j-2.0.16.jar;D:\maven\MAVEN_REPOSITORY\org\yaml\snakeyaml\2.2\snakeyaml-2.2.jar;D:\maven\MAVEN_REPOSITORY\org\springframework\boot\spring-boot-starter-json\3.3.6\spring-boot-starter-json-3.3.6.jar;D:\maven\MAVEN_REPOSITORY\com\fasterxml\jackson\datatype\jackson-datatype-jdk8\2.17.3\jackson-datatype-jdk8-2.17.3.jar;D:\maven\MAVEN_REPOSITORY\com\fasterxml\jackson\datatype\jackson-datatype-jsr310\2.17.3\jackson-datatype-jsr310-2.17.3.jar;D:\maven\MAVEN_REPOSITORY\com\fasterxml\jackson\module\jackson-module-parameter-names\2.17.3\jackson-module-parameter-names-2.17.3.jar;D:\maven\MAVEN_REPOSITORY\org\springframework\boot\spring-boot-starter-tomcat\3.3.6\spring-boot-starter-tomcat-3.3.6.jar;D:\maven\MAVEN_REPOSITORY\org\apache\tomcat\embed\tomcat-embed-core\10.1.33\tomcat-embed-core-10.1.33.jar;D:\maven\MAVEN_REPOSITORY\org\apache\tomcat\embed\tomcat-embed-websocket\10.1.33\tomcat-embed-websocket-10.1.33.jar;D:\maven\MAVEN_REPOSITORY\org\springframework\spring-web\6.1.15\spring-web-6.1.15.jar;D:\maven\MAVEN_REPOSITORY\org\springframework\spring-beans\6.1.15\spring-beans-6.1.15.jar;D:\maven\MAVEN_REPOSITORY\org\springframework\spring-webmvc\6.1.15\spring-webmvc-6.1.15.jar;D:\maven\MAVEN_REPOSITORY\org\springframework\spring-context\6.1.15\spring-context-6.1.15.jar;D:\maven\MAVEN_REPOSITORY\org\springframework\spring-expression\6.1.15\spring-expression-6.1.15.jar;D:\maven\MAVEN_REPOSITORY\org\springframework\boot\spring-boot-starter-actuator\3.3.6\spring-boot-starter-actuator-3.3.6.jar;D:\maven\MAVEN_REPOSITORY\org\springframework\boot\spring-boot-actuator-autoconfigure\3.3.6\spring-boot-actuator-autoconfigure-3.3.6.jar;D:\maven\MAVEN_REPOSITORY\org\springframework\boot\spring-boot-actuator\3.3.6\spring-boot-actuator-3.3.6.jar;D:\maven\MAVEN_REPOSITORY\io\micrometer\micrometer-observation\1.13.8\micrometer-observation-1.13.8.jar;D:\maven\MAVEN_REPOSITORY\io\micrometer\micrometer-commons\1.13.8\micrometer-commons-1.13.8.jar;D:\maven\MAVEN_REPOSITORY\io\micrometer\micrometer-jakarta9\1.13.8\micrometer-jakarta9-1.13.8.jar;D:\maven\MAVEN_REPOSITORY\io\micrometer\micrometer-core\1.13.8\micrometer-core-1.13.8.jar;D:\maven\MAVEN_REPOSITORY\org\hdrhistogram\HdrHistogram\2.2.2\HdrHistogram-2.2.2.jar;D:\maven\MAVEN_REPOSITORY\org\latencyutils\LatencyUtils\2.0.3\LatencyUtils-2.0.3.jar;D:\maven\MAVEN_REPOSITORY\org\springframework\boot\spring-boot-starter-validation\3.3.6\spring-boot-starter-validation-3.3.6.jar;D:\maven\MAVEN_REPOSITORY\org\apache\tomcat\embed\tomcat-embed-el\10.1.33\tomcat-embed-el-10.1.33.jar;D:\maven\MAVEN_REPOSITORY\org\hibernate\validator\hibernate-validator\8.0.1.Final\hibernate-validator-8.0.1.Final.jar;D:\maven\MAVEN_REPOSITORY\jakarta\validation\jakarta.validation-api\3.0.2\jakarta.validation-api-3.0.2.jar;D:\maven\MAVEN_REPOSITORY\org\jboss\logging\jboss-logging\3.5.3.Final\jboss-logging-3.5.3.Final.jar;D:\maven\MAVEN_REPOSITORY\com\fasterxml\classmate\1.7.0\classmate-1.7.0.jar;D:\maven\MAVEN_REPOSITORY\org\springframework\boot\spring-boot-starter-aop\3.3.6\spring-boot-starter-aop-3.3.6.jar;D:\maven\MAVEN_REPOSITORY\org\springframework\spring-aop\6.1.15\spring-aop-6.1.15.jar;D:\maven\MAVEN_REPOSITORY\org\aspectj\aspectjweaver\1.9.22.1\aspectjweaver-1.9.22.1.jar;D:\maven\MAVEN_REPOSITORY\org\springframework\boot\spring-boot-starter-data-redis\3.3.6\spring-boot-starter-data-redis-3.3.6.jar;D:\maven\MAVEN_REPOSITORY\io\lettuce\lettuce-core\6.3.2.RELEASE\lettuce-core-6.3.2.RELEASE.jar;D:\maven\MAVEN_REPOSITORY\io\netty\netty-common\4.1.115.Final\netty-common-4.1.115.Final.jar;D:\maven\MAVEN_REPOSITORY\io\netty\netty-handler\4.1.115.Final\netty-handler-4.1.115.Final.jar;D:\maven\MAVEN_REPOSITORY\io\netty\netty-resolver\4.1.115.Final\netty-resolver-4.1.115.Final.jar;D:\maven\MAVEN_REPOSITORY\io\netty\netty-buffer\4.1.115.Final\netty-buffer-4.1.115.Final.jar;D:\maven\MAVEN_REPOSITORY\io\netty\netty-transport-native-unix-common\4.1.115.Final\netty-transport-native-unix-common-4.1.115.Final.jar;D:\maven\MAVEN_REPOSITORY\io\netty\netty-codec\4.1.115.Final\netty-codec-4.1.115.Final.jar;D:\maven\MAVEN_REPOSITORY\io\netty\netty-transport\4.1.115.Final\netty-transport-4.1.115.Final.jar;D:\maven\MAVEN_REPOSITORY\io\projectreactor\reactor-core\3.6.12\reactor-core-3.6.12.jar;D:\maven\MAVEN_REPOSITORY\org\reactivestreams\reactive-streams\1.0.4\reactive-streams-1.0.4.jar;D:\maven\MAVEN_REPOSITORY\org\springframework\data\spring-data-redis\3.3.6\spring-data-redis-3.3.6.jar;D:\maven\MAVEN_REPOSITORY\org\springframework\data\spring-data-keyvalue\3.3.6\spring-data-keyvalue-3.3.6.jar;D:\maven\MAVEN_REPOSITORY\org\springframework\spring-tx\6.1.15\spring-tx-6.1.15.jar;D:\maven\MAVEN_REPOSITORY\org\springframework\spring-oxm\6.1.15\spring-oxm-6.1.15.jar;D:\maven\MAVEN_REPOSITORY\org\springframework\spring-context-support\6.1.15\spring-context-support-6.1.15.jar;D:\maven\MAVEN_REPOSITORY\org\springframework\boot\spring-boot-starter-data-jpa\3.3.6\spring-boot-starter-data-jpa-3.3.6.jar;D:\maven\MAVEN_REPOSITORY\org\springframework\boot\spring-boot-starter-jdbc\3.3.6\spring-boot-starter-jdbc-3.3.6.jar;D:\maven\MAVEN_REPOSITORY\com\zaxxer\HikariCP\5.1.0\HikariCP-5.1.0.jar;D:\maven\MAVEN_REPOSITORY\org\springframework\spring-jdbc\6.1.15\spring-jdbc-6.1.15.jar;D:\maven\MAVEN_REPOSITORY\org\hibernate\orm\hibernate-core\6.5.3.Final\hibernate-core-6.5.3.Final.jar;D:\maven\MAVEN_REPOSITORY\jakarta\persistence\jakarta.persistence-api\3.1.0\jakarta.persistence-api-3.1.0.jar;D:\maven\MAVEN_REPOSITORY\jakarta\transaction\jakarta.transaction-api\2.0.1\jakarta.transaction-api-2.0.1.jar;D:\maven\MAVEN_REPOSITORY\org\hibernate\common\hibernate-commons-annotations\6.0.6.Final\hibernate-commons-annotations-6.0.6.Final.jar;D:\maven\MAVEN_REPOSITORY\io\smallrye\jandex\3.1.2\jandex-3.1.2.jar;D:\maven\MAVEN_REPOSITORY\net\bytebuddy\byte-buddy\1.14.19\byte-buddy-1.14.19.jar;D:\maven\MAVEN_REPOSITORY\jakarta\inject\jakarta.inject-api\2.0.1\jakarta.inject-api-2.0.1.jar;D:\maven\MAVEN_REPOSITORY\org\antlr\antlr4-runtime\4.13.0\antlr4-runtime-4.13.0.jar;D:\maven\MAVEN_REPOSITORY\org\springframework\data\spring-data-jpa\3.3.6\spring-data-jpa-3.3.6.jar;D:\maven\MAVEN_REPOSITORY\org\springframework\data\spring-data-commons\3.3.6\spring-data-commons-3.3.6.jar;D:\maven\MAVEN_REPOSITORY\org\springframework\spring-orm\6.1.15\spring-orm-6.1.15.jar;D:\maven\MAVEN_REPOSITORY\org\springframework\spring-aspects\6.1.15\spring-aspects-6.1.15.jar;D:\maven\MAVEN_REPOSITORY\org\springframework\boot\spring-boot-starter-data-mongodb\3.3.6\spring-boot-starter-data-mongodb-3.3.6.jar;D:\maven\MAVEN_REPOSITORY\org\mongodb\mongodb-driver-sync\5.0.1\mongodb-driver-sync-5.0.1.jar;D:\maven\MAVEN_REPOSITORY\org\mongodb\bson\5.0.1\bson-5.0.1.jar;D:\maven\MAVEN_REPOSITORY\org\mongodb\mongodb-driver-core\5.0.1\mongodb-driver-core-5.0.1.jar;D:\maven\MAVEN_REPOSITORY\org\mongodb\bson-record-codec\5.0.1\bson-record-codec-5.0.1.jar;D:\maven\MAVEN_REPOSITORY\org\springframework\data\spring-data-mongodb\4.3.6\spring-data-mongodb-4.3.6.jar;D:\maven\MAVEN_REPOSITORY\org\springframework\boot\spring-boot-starter-test\3.3.6\spring-boot-starter-test-3.3.6.jar;D:\maven\MAVEN_REPOSITORY\org\springframework\boot\spring-boot-test\3.3.6\spring-boot-test-3.3.6.jar;D:\maven\MAVEN_REPOSITORY\org\springframework\boot\spring-boot-test-autoconfigure\3.3.6\spring-boot-test-autoconfigure-3.3.6.jar;D:\maven\MAVEN_REPOSITORY\com\jayway\jsonpath\json-path\2.9.0\json-path-2.9.0.jar;D:\maven\MAVEN_REPOSITORY\jakarta\xml\bind\jakarta.xml.bind-api\4.0.2\jakarta.xml.bind-api-4.0.2.jar;D:\maven\MAVEN_REPOSITORY\jakarta\activation\jakarta.activation-api\2.1.3\jakarta.activation-api-2.1.3.jar;D:\maven\MAVEN_REPOSITORY\net\minidev\json-smart\2.5.1\json-smart-2.5.1.jar;D:\maven\MAVEN_REPOSITORY\net\minidev\accessors-smart\2.5.1\accessors-smart-2.5.1.jar;D:\maven\MAVEN_REPOSITORY\org\ow2\asm\asm\9.6\asm-9.6.jar;D:\maven\MAVEN_REPOSITORY\org\assertj\assertj-core\3.25.3\assertj-core-3.25.3.jar;D:\maven\MAVEN_REPOSITORY\org\awaitility\awaitility\4.2.2\awaitility-4.2.2.jar;D:\maven\MAVEN_REPOSITORY\org\hamcrest\hamcrest\2.2\hamcrest-2.2.jar;D:\maven\MAVEN_REPOSITORY\org\junit\jupiter\junit-jupiter\5.10.5\junit-jupiter-5.10.5.jar;D:\maven\MAVEN_REPOSITORY\org\junit\jupiter\junit-jupiter-api\5.10.5\junit-jupiter-api-5.10.5.jar;D:\maven\MAVEN_REPOSITORY\org\opentest4j\opentest4j\1.3.0\opentest4j-1.3.0.jar;D:\maven\MAVEN_REPOSITORY\org\junit\platform\junit-platform-commons\1.10.5\junit-platform-commons-1.10.5.jar;D:\maven\MAVEN_REPOSITORY\org\apiguardian\apiguardian-api\1.1.2\apiguardian-api-1.1.2.jar;D:\maven\MAVEN_REPOSITORY\org\junit\jupiter\junit-jupiter-params\5.10.5\junit-jupiter-params-5.10.5.jar;D:\maven\MAVEN_REPOSITORY\org\junit\jupiter\junit-jupiter-engine\5.10.5\junit-jupiter-engine-5.10.5.jar;D:\maven\MAVEN_REPOSITORY\org\junit\platform\junit-platform-engine\1.10.5\junit-platform-engine-1.10.5.jar;D:\maven\MAVEN_REPOSITORY\org\mockito\mockito-core\5.11.0\mockito-core-5.11.0.jar;D:\maven\MAVEN_REPOSITORY\net\bytebuddy\byte-buddy-agent\1.14.19\byte-buddy-agent-1.14.19.jar;D:\maven\MAVEN_REPOSITORY\org\objenesis\objenesis\3.3\objenesis-3.3.jar;D:\maven\MAVEN_REPOSITORY\org\mockito\mockito-junit-jupiter\5.11.0\mockito-junit-jupiter-5.11.0.jar;D:\maven\MAVEN_REPOSITORY\org\skyscreamer\jsonassert\1.5.3\jsonassert-1.5.3.jar;D:\maven\MAVEN_REPOSITORY\com\vaadin\external\google\android-json\0.0.20131108.vaadin1\android-json-0.0.20131108.vaadin1.jar;D:\maven\MAVEN_REPOSITORY\org\springframework\spring-core\6.1.15\spring-core-6.1.15.jar;D:\maven\MAVEN_REPOSITORY\org\springframework\spring-jcl\6.1.15\spring-jcl-6.1.15.jar;D:\maven\MAVEN_REPOSITORY\org\springframework\spring-test\6.1.15\spring-test-6.1.15.jar;D:\maven\MAVEN_REPOSITORY\org\xmlunit\xmlunit-core\2.9.1\xmlunit-core-2.9.1.jar;D:\maven\MAVEN_REPOSITORY\org\projectlombok\lombok\1.18.36\lombok-1.18.36.jar;D:\maven\MAVEN_REPOSITORY\com\mysql\mysql-connector-j\9.1.0\mysql-connector-j-9.1.0.jar;D:\maven\MAVEN_REPOSITORY\com\google\protobuf\protobuf-java\4.26.1\protobuf-java-4.26.1.jar;D:\maven\MAVEN_REPOSITORY\com\alibaba\druid-spring-boot-starter\1.2.24\druid-spring-boot-starter-1.2.24.jar;D:\maven\MAVEN_REPOSITORY\com\alibaba\druid\1.2.24\druid-1.2.24.jar;D:\maven\MAVEN_REPOSITORY\org\slf4j\slf4j-api\2.0.16\slf4j-api-2.0.16.jar;D:\maven\MAVEN_REPOSITORY\org\springframework\boot\spring-boot-autoconfigure\3.3.6\spring-boot-autoconfigure-3.3.6.jar;D:\maven\MAVEN_REPOSITORY\org\glassfish\jaxb\jaxb-runtime\4.0.5\jaxb-runtime-4.0.5.jar;D:\maven\MAVEN_REPOSITORY\org\glassfish\jaxb\jaxb-core\4.0.5\jaxb-core-4.0.5.jar;D:\maven\MAVEN_REPOSITORY\org\eclipse\angus\angus-activation\2.0.2\angus-activation-2.0.2.jar;D:\maven\MAVEN_REPOSITORY\org\glassfish\jaxb\txw2\4.0.5\txw2-4.0.5.jar;D:\maven\MAVEN_REPOSITORY\com\sun\istack\istack-commons-runtime\4.1.2\istack-commons-runtime-4.1.2.jar;D:\maven\MAVEN_REPOSITORY\org\apache\rocketmq\rocketmq-spring-boot-starter\2.3.1\rocketmq-spring-boot-starter-2.3.1.jar;D:\maven\MAVEN_REPOSITORY\org\apache\rocketmq\rocketmq-spring-boot\2.3.1\rocketmq-spring-boot-2.3.1.jar;D:\maven\MAVEN_REPOSITORY\org\apache\rocketmq\rocketmq-client\5.3.0\rocketmq-client-5.3.0.jar;D:\maven\MAVEN_REPOSITORY\org\apache\rocketmq\rocketmq-remoting\5.3.0\rocketmq-remoting-5.3.0.jar;D:\maven\MAVEN_REPOSITORY\org\reflections\reflections\0.9.11\reflections-0.9.11.jar;D:\maven\MAVEN_REPOSITORY\org\javassist\javassist\3.21.0-GA\javassist-3.21.0-GA.jar;D:\maven\MAVEN_REPOSITORY\org\apache\commons\commons-lang3\3.14.0\commons-lang3-3.14.0.jar;D:\maven\MAVEN_REPOSITORY\io\github\aliyunmq\rocketmq-slf4j-api\1.0.1\rocketmq-slf4j-api-1.0.1.jar;D:\maven\MAVEN_REPOSITORY\io\github\aliyunmq\rocketmq-logback-classic\1.0.1\rocketmq-logback-classic-1.0.1.jar;D:\maven\MAVEN_REPOSITORY\org\apache\rocketmq\rocketmq-acl\5.3.0\rocketmq-acl-5.3.0.jar;D:\maven\MAVEN_REPOSITORY\org\apache\rocketmq\rocketmq-proto\2.0.3\rocketmq-proto-2.0.3.jar;D:\maven\MAVEN_REPOSITORY\org\apache\rocketmq\rocketmq-common\5.3.0\rocketmq-common-5.3.0.jar;D:\maven\MAVEN_REPOSITORY\com\alibaba\fastjson\1.2.83\fastjson-1.2.83.jar;D:\maven\MAVEN_REPOSITORY\com\alibaba\fastjson2\fastjson2\2.0.43\fastjson2-2.0.43.jar;D:\maven\MAVEN_REPOSITORY\io\netty\netty-all\4.1.115.Final\netty-all-4.1.115.Final.jar;D:\maven\MAVEN_REPOSITORY\io\netty\netty-codec-dns\4.1.115.Final\netty-codec-dns-4.1.115.Final.jar;D:\maven\MAVEN_REPOSITORY\io\netty\netty-codec-haproxy\4.1.115.Final\netty-codec-haproxy-4.1.115.Final.jar;D:\maven\MAVEN_REPOSITORY\io\netty\netty-codec-http\4.1.115.Final\netty-codec-http-4.1.115.Final.jar;D:\maven\MAVEN_REPOSITORY\io\netty\netty-codec-http2\4.1.115.Final\netty-codec-http2-4.1.115.Final.jar;D:\maven\MAVEN_REPOSITORY\io\netty\netty-codec-memcache\4.1.115.Final\netty-codec-memcache-4.1.115.Final.jar;D:\maven\MAVEN_REPOSITORY\io\netty\netty-codec-mqtt\4.1.115.Final\netty-codec-mqtt-4.1.115.Final.jar;D:\maven\MAVEN_REPOSITORY\io\netty\netty-codec-redis\4.1.115.Final\netty-codec-redis-4.1.115.Final.jar;D:\maven\MAVEN_REPOSITORY\io\netty\netty-codec-smtp\4.1.115.Final\netty-codec-smtp-4.1.115.Final.jar;D:\maven\MAVEN_REPOSITORY\io\netty\netty-codec-socks\4.1.115.Final\netty-codec-socks-4.1.115.Final.jar;D:\maven\MAVEN_REPOSITORY\io\netty\netty-codec-stomp\4.1.115.Final\netty-codec-stomp-4.1.115.Final.jar;D:\maven\MAVEN_REPOSITORY\io\netty\netty-codec-xml\4.1.115.Final\netty-codec-xml-4.1.115.Final.jar;D:\maven\MAVEN_REPOSITORY\io\netty\netty-handler-proxy\4.1.115.Final\netty-handler-proxy-4.1.115.Final.jar;D:\maven\MAVEN_REPOSITORY\io\netty\netty-handler-ssl-ocsp\4.1.115.Final\netty-handler-ssl-ocsp-4.1.115.Final.jar;D:\maven\MAVEN_REPOSITORY\io\netty\netty-resolver-dns\4.1.115.Final\netty-resolver-dns-4.1.115.Final.jar;D:\maven\MAVEN_REPOSITORY\io\netty\netty-transport-rxtx\4.1.115.Final\netty-transport-rxtx-4.1.115.Final.jar;D:\maven\MAVEN_REPOSITORY\io\netty\netty-transport-sctp\4.1.115.Final\netty-transport-sctp-4.1.115.Final.jar;D:\maven\MAVEN_REPOSITORY\io\netty\netty-transport-udt\4.1.115.Final\netty-transport-udt-4.1.115.Final.jar;D:\maven\MAVEN_REPOSITORY\io\netty\netty-transport-classes-epoll\4.1.115.Final\netty-transport-classes-epoll-4.1.115.Final.jar;D:\maven\MAVEN_REPOSITORY\io\netty\netty-transport-classes-kqueue\4.1.115.Final\netty-transport-classes-kqueue-4.1.115.Final.jar;D:\maven\MAVEN_REPOSITORY\io\netty\netty-resolver-dns-classes-macos\4.1.115.Final\netty-resolver-dns-classes-macos-4.1.115.Final.jar;D:\maven\MAVEN_REPOSITORY\io\netty\netty-transport-native-epoll\4.1.115.Final\netty-transport-native-epoll-4.1.115.Final-linux-x86_64.jar;D:\maven\MAVEN_REPOSITORY\io\netty\netty-transport-native-epoll\4.1.115.Final\netty-transport-native-epoll-4.1.115.Final-linux-aarch_64.jar;D:\maven\MAVEN_REPOSITORY\io\netty\netty-transport-native-epoll\4.1.115.Final\netty-transport-native-epoll-4.1.115.Final-linux-riscv64.jar;D:\maven\MAVEN_REPOSITORY\io\netty\netty-transport-native-kqueue\4.1.115.Final\netty-transport-native-kqueue-4.1.115.Final-osx-x86_64.jar;D:\maven\MAVEN_REPOSITORY\io\netty\netty-transport-native-kqueue\4.1.115.Final\netty-transport-native-kqueue-4.1.115.Final-osx-aarch_64.jar;D:\maven\MAVEN_REPOSITORY\io\netty\netty-resolver-dns-native-macos\4.1.115.Final\netty-resolver-dns-native-macos-4.1.115.Final-osx-x86_64.jar;D:\maven\MAVEN_REPOSITORY\io\netty\netty-resolver-dns-native-macos\4.1.115.Final\netty-resolver-dns-native-macos-4.1.115.Final-osx-aarch_64.jar;D:\maven\MAVEN_REPOSITORY\com\github\luben\zstd-jni\1.5.2-2\zstd-jni-1.5.2-2.jar;D:\maven\MAVEN_REPOSITORY\org\lz4\lz4-java\1.8.0\lz4-java-1.8.0.jar;D:\maven\MAVEN_REPOSITORY\io\opentelemetry\opentelemetry-exporter-otlp\1.38.0\opentelemetry-exporter-otlp-1.38.0.jar;D:\maven\MAVEN_REPOSITORY\io\opentelemetry\opentelemetry-sdk-trace\1.38.0\opentelemetry-sdk-trace-1.38.0.jar;D:\maven\MAVEN_REPOSITORY\io\opentelemetry\opentelemetry-sdk-metrics\1.38.0\opentelemetry-sdk-metrics-1.38.0.jar;D:\maven\MAVEN_REPOSITORY\io\opentelemetry\opentelemetry-api-incubator\1.38.0-alpha\opentelemetry-api-incubator-1.38.0-alpha.jar;D:\maven\MAVEN_REPOSITORY\io\opentelemetry\opentelemetry-sdk-logs\1.38.0\opentelemetry-sdk-logs-1.38.0.jar;D:\maven\MAVEN_REPOSITORY\io\opentelemetry\opentelemetry-exporter-otlp-common\1.38.0\opentelemetry-exporter-otlp-common-1.38.0.jar;D:\maven\MAVEN_REPOSITORY\io\opentelemetry\opentelemetry-exporter-common\1.38.0\opentelemetry-exporter-common-1.38.0.jar;D:\maven\MAVEN_REPOSITORY\io\opentelemetry\opentelemetry-exporter-sender-okhttp\1.38.0\opentelemetry-exporter-sender-okhttp-1.38.0.jar;D:\maven\MAVEN_REPOSITORY\com\squareup\okhttp3\okhttp\4.12.0\okhttp-4.12.0.jar;D:\maven\MAVEN_REPOSITORY\com\squareup\okio\okio\3.6.0\okio-3.6.0.jar;D:\maven\MAVEN_REPOSITORY\org\jetbrains\kotlin\kotlin-stdlib-jdk8\1.9.25\kotlin-stdlib-jdk8-1.9.25.jar;D:\maven\MAVEN_REPOSITORY\org\jetbrains\kotlin\kotlin-stdlib\1.9.25\kotlin-stdlib-1.9.25.jar;D:\maven\MAVEN_REPOSITORY\org\jetbrains\annotations\13.0\annotations-13.0.jar;D:\maven\MAVEN_REPOSITORY\org\jetbrains\kotlin\kotlin-stdlib-jdk7\1.9.25\kotlin-stdlib-jdk7-1.9.25.jar;D:\maven\MAVEN_REPOSITORY\io\opentelemetry\opentelemetry-sdk-extension-autoconfigure-spi\1.38.0\opentelemetry-sdk-extension-autoconfigure-spi-1.38.0.jar;D:\maven\MAVEN_REPOSITORY\io\opentelemetry\opentelemetry-exporter-prometheus\1.29.0-alpha\opentelemetry-exporter-prometheus-1.29.0-alpha.jar;D:\maven\MAVEN_REPOSITORY\io\opentelemetry\opentelemetry-exporter-logging\1.38.0\opentelemetry-exporter-logging-1.38.0.jar;D:\maven\MAVEN_REPOSITORY\io\opentelemetry\opentelemetry-sdk\1.38.0\opentelemetry-sdk-1.38.0.jar;D:\maven\MAVEN_REPOSITORY\io\opentelemetry\opentelemetry-api\1.38.0\opentelemetry-api-1.38.0.jar;D:\maven\MAVEN_REPOSITORY\io\opentelemetry\opentelemetry-context\1.38.0\opentelemetry-context-1.38.0.jar;D:\maven\MAVEN_REPOSITORY\io\opentelemetry\opentelemetry-sdk-common\1.38.0\opentelemetry-sdk-common-1.38.0.jar;D:\maven\MAVEN_REPOSITORY\io\opentelemetry\opentelemetry-exporter-logging-otlp\1.38.0\opentelemetry-exporter-logging-otlp-1.38.0.jar;D:\maven\MAVEN_REPOSITORY\io\grpc\grpc-stub\1.53.0\grpc-stub-1.53.0.jar;D:\maven\MAVEN_REPOSITORY\io\grpc\grpc-api\1.53.0\grpc-api-1.53.0.jar;D:\maven\MAVEN_REPOSITORY\io\grpc\grpc-context\1.53.0\grpc-context-1.53.0.jar;D:\maven\MAVEN_REPOSITORY\io\grpc\grpc-netty-shaded\1.53.0\grpc-netty-shaded-1.53.0.jar;D:\maven\MAVEN_REPOSITORY\io\perfmark\perfmark-api\0.25.0\perfmark-api-0.25.0.jar;D:\maven\MAVEN_REPOSITORY\io\grpc\grpc-core\1.53.0\grpc-core-1.53.0.jar;D:\maven\MAVEN_REPOSITORY\com\google\code\gson\gson\2.10.1\gson-2.10.1.jar;D:\maven\MAVEN_REPOSITORY\com\google\android\annotations\4.1.1.4\annotations-4.1.1.4.jar;D:\maven\MAVEN_REPOSITORY\org\codehaus\mojo\animal-sniffer-annotations\1.21\animal-sniffer-annotations-1.21.jar;D:\maven\MAVEN_REPOSITORY\com\squareup\okio\okio-jvm\3.4.0\okio-jvm-3.4.0.jar;D:\maven\MAVEN_REPOSITORY\org\apache\rocketmq\rocketmq-srvutil\5.3.0\rocketmq-srvutil-5.3.0.jar;D:\maven\MAVEN_REPOSITORY\commons-cli\commons-cli\1.5.0\commons-cli-1.5.0.jar;D:\maven\MAVEN_REPOSITORY\com\googlecode\concurrentlinkedhashmap\concurrentlinkedhashmap-lru\1.4.2\concurrentlinkedhashmap-lru-1.4.2.jar;D:\maven\MAVEN_REPOSITORY\commons-validator\commons-validator\1.7\commons-validator-1.7.jar;D:\maven\MAVEN_REPOSITORY\commons-beanutils\commons-beanutils\1.9.4\commons-beanutils-1.9.4.jar;D:\maven\MAVEN_REPOSITORY\commons-digester\commons-digester\2.1\commons-digester-2.1.jar;D:\maven\MAVEN_REPOSITORY\commons-logging\commons-logging\1.2\commons-logging-1.2.jar;D:\maven\MAVEN_REPOSITORY\commons-collections\commons-collections\3.2.2\commons-collections-3.2.2.jar;D:\maven\MAVEN_REPOSITORY\com\google\protobuf\protobuf-java-util\3.20.1\protobuf-java-util-3.20.1.jar;D:\maven\MAVEN_REPOSITORY\org\springframework\spring-messaging\6.1.15\spring-messaging-6.1.15.jar;D:\maven\MAVEN_REPOSITORY\org\springframework\cloud\spring-cloud-starter-openfeign\4.1.4\spring-cloud-starter-openfeign-4.1.4.jar;D:\maven\MAVEN_REPOSITORY\org\springframework\cloud\spring-cloud-starter\4.1.5\spring-cloud-starter-4.1.5.jar;D:\maven\MAVEN_REPOSITORY\org\springframework\security\spring-security-rsa\1.1.3\spring-security-rsa-1.1.3.jar;D:\maven\MAVEN_REPOSITORY\org\bouncycastle\bcprov-jdk18on\1.78\bcprov-jdk18on-1.78.jar;D:\maven\MAVEN_REPOSITORY\org\springframework\cloud\spring-cloud-commons\4.1.5\spring-cloud-commons-4.1.5.jar;D:\maven\MAVEN_REPOSITORY\org\springframework\security\spring-security-crypto\6.3.5\spring-security-crypto-6.3.5.jar;D:\maven\MAVEN_REPOSITORY\io\github\openfeign\feign-core\13.5\feign-core-13.5.jar;D:\maven\MAVEN_REPOSITORY\io\github\openfeign\feign-slf4j\13.5\feign-slf4j-13.5.jar;D:\maven\MAVEN_REPOSITORY\org\springframework\cloud\spring-cloud-openfeign-core\4.1.4\spring-cloud-openfeign-core-4.1.4.jar;D:\maven\MAVEN_REPOSITORY\io\github\openfeign\feign-form-spring\13.5\feign-form-spring-13.5.jar;D:\maven\MAVEN_REPOSITORY\io\github\openfeign\feign-form\13.5\feign-form-13.5.jar;D:\maven\MAVEN_REPOSITORY\commons-fileupload\commons-fileupload\1.5\commons-fileupload-1.5.jar;D:\maven\MAVEN_REPOSITORY\commons-io\commons-io\2.11.0\commons-io-2.11.0.jar;D:\maven\MAVEN_REPOSITORY\com\alibaba\cloud\spring-cloud-starter-alibaba-nacos-config\2023.0.1.2\spring-cloud-starter-alibaba-nacos-config-2023.0.1.2.jar;D:\maven\MAVEN_REPOSITORY\com\alibaba\cloud\spring-cloud-alibaba-commons\2023.0.1.2\spring-cloud-alibaba-commons-2023.0.1.2.jar;D:\maven\MAVEN_REPOSITORY\com\alibaba\spring\spring-context-support\1.0.11\spring-context-support-1.0.11.jar;D:\maven\MAVEN_REPOSITORY\com\alibaba\nacos\nacos-client\2.3.2\nacos-client-2.3.2.jar;D:\maven\MAVEN_REPOSITORY\com\alibaba\nacos\nacos-auth-plugin\2.3.2\nacos-auth-plugin-2.3.2.jar;D:\maven\MAVEN_REPOSITORY\com\alibaba\nacos\nacos-encryption-plugin\2.3.2\nacos-encryption-plugin-2.3.2.jar;D:\maven\MAVEN_REPOSITORY\commons-codec\commons-codec\1.16.1\commons-codec-1.16.1.jar;D:\maven\MAVEN_REPOSITORY\com\fasterxml\jackson\core\jackson-core\2.17.3\jackson-core-2.17.3.jar;D:\maven\MAVEN_REPOSITORY\org\apache\httpcomponents\httpasyncclient\4.1.5\httpasyncclient-4.1.5.jar;D:\maven\MAVEN_REPOSITORY\org\apache\httpcomponents\httpcore-nio\4.4.16\httpcore-nio-4.4.16.jar;D:\maven\MAVEN_REPOSITORY\org\apache\httpcomponents\httpclient\4.5.13\httpclient-4.5.13.jar;D:\maven\MAVEN_REPOSITORY\org\apache\httpcomponents\httpcore\4.4.16\httpcore-4.4.16.jar;D:\maven\MAVEN_REPOSITORY\io\prometheus\simpleclient\0.16.0\simpleclient-0.16.0.jar;D:\maven\MAVEN_REPOSITORY\io\prometheus\simpleclient_tracer_otel\0.16.0\simpleclient_tracer_otel-0.16.0.jar;D:\maven\MAVEN_REPOSITORY\io\prometheus\simpleclient_tracer_common\0.16.0\simpleclient_tracer_common-0.16.0.jar;D:\maven\MAVEN_REPOSITORY\io\prometheus\simpleclient_tracer_otel_agent\0.16.0\simpleclient_tracer_otel_agent-0.16.0.jar;D:\maven\MAVEN_REPOSITORY\org\springframework\cloud\spring-cloud-context\4.1.5\spring-cloud-context-4.1.5.jar;D:\maven\MAVEN_REPOSITORY\jakarta\annotation\jakarta.annotation-api\2.1.1\jakarta.annotation-api-2.1.1.jar;D:\maven\MAVEN_REPOSITORY\com\alibaba\cloud\spring-cloud-starter-alibaba-nacos-discovery\2023.0.1.2\spring-cloud-starter-alibaba-nacos-discovery-2023.0.1.2.jar;D:\maven\MAVEN_REPOSITORY\org\springframework\cloud\spring-cloud-starter-bootstrap\4.1.5\spring-cloud-starter-bootstrap-4.1.5.jar;"/>
    <property name="java.vm.vendor" value="Oracle Corporation"/>
    <property name="sun.arch.data.model" value="64"/>
    <property name="user.variant" value=""/>
    <property name="java.vendor.url" value="https://java.oracle.com/"/>
    <property name="user.timezone" value="Asia/Shanghai"/>
    <property name="org.jboss.logging.provider" value="slf4j"/>
    <property name="os.name" value="Windows 11"/>
    <property name="java.vm.specification.version" value="17"/>
    <property name="sun.java.launcher" value="SUN_STANDARD"/>
    <property name="user.country" value="CN"/>
    <property name="sun.boot.library.path" value="C:\Program Files\Java\jdk-17\bin"/>
    <property name="sun.java.command" value="C:\Users\MI\AppData\Local\Temp\surefire5481376853752312401\surefirebooter-20241226011142985_3.jar C:\Users\MI\AppData\Local\Temp\surefire5481376853752312401 2024-12-26T01-11-42_802-jvmRun1 surefire-20241226011142985_1tmp surefire_0-20241226011142985_2tmp"/>
    <property name="jdk.debug" value="release"/>
    <property name="surefire.test.class.path" value="D:\Desktop\oomall-2023\service\target\test-classes;D:\Desktop\oomall-2023\service\target\classes;D:\maven\MAVEN_REPOSITORY\com\h2database\h2\2.2.224\h2-2.2.224.jar;D:\maven\MAVEN_REPOSITORY\cn\edu\xmu\javaee\core\0.0.3-SNAPSHOT\core-0.0.3-SNAPSHOT.jar;D:\maven\MAVEN_REPOSITORY\com\auth0\java-jwt\4.4.0\java-jwt-4.4.0.jar;D:\maven\MAVEN_REPOSITORY\com\fasterxml\jackson\core\jackson-databind\2.17.3\jackson-databind-2.17.3.jar;D:\maven\MAVEN_REPOSITORY\com\fasterxml\jackson\core\jackson-annotations\2.17.3\jackson-annotations-2.17.3.jar;D:\maven\MAVEN_REPOSITORY\com\github\pagehelper\pagehelper-spring-boot-starter\2.1.0\pagehelper-spring-boot-starter-2.1.0.jar;D:\maven\MAVEN_REPOSITORY\org\mybatis\spring\boot\mybatis-spring-boot-starter\3.0.3\mybatis-spring-boot-starter-3.0.3.jar;D:\maven\MAVEN_REPOSITORY\org\mybatis\spring\boot\mybatis-spring-boot-autoconfigure\3.0.3\mybatis-spring-boot-autoconfigure-3.0.3.jar;D:\maven\MAVEN_REPOSITORY\org\mybatis\mybatis\3.5.14\mybatis-3.5.14.jar;D:\maven\MAVEN_REPOSITORY\org\mybatis\mybatis-spring\3.0.3\mybatis-spring-3.0.3.jar;D:\maven\MAVEN_REPOSITORY\com\github\pagehelper\pagehelper-spring-boot-autoconfigure\2.1.0\pagehelper-spring-boot-autoconfigure-2.1.0.jar;D:\maven\MAVEN_REPOSITORY\com\github\pagehelper\pagehelper\6.1.0\pagehelper-6.1.0.jar;D:\maven\MAVEN_REPOSITORY\com\github\jsqlparser\jsqlparser\4.7\jsqlparser-4.7.jar;D:\maven\MAVEN_REPOSITORY\org\springframework\cloud\spring-cloud-starter-loadbalancer\4.1.5\spring-cloud-starter-loadbalancer-4.1.5.jar;D:\maven\MAVEN_REPOSITORY\org\springframework\cloud\spring-cloud-loadbalancer\4.1.5\spring-cloud-loadbalancer-4.1.5.jar;D:\maven\MAVEN_REPOSITORY\io\projectreactor\addons\reactor-extra\3.5.2\reactor-extra-3.5.2.jar;D:\maven\MAVEN_REPOSITORY\org\springframework\boot\spring-boot-starter-cache\3.3.6\spring-boot-starter-cache-3.3.6.jar;D:\maven\MAVEN_REPOSITORY\com\stoyanr\evictor\1.0.0\evictor-1.0.0.jar;D:\maven\MAVEN_REPOSITORY\com\squareup\javapoet\1.13.0\javapoet-1.13.0.jar;D:\maven\MAVEN_REPOSITORY\com\google\auto\service\auto-service\1.0.1\auto-service-1.0.1.jar;D:\maven\MAVEN_REPOSITORY\com\google\auto\service\auto-service-annotations\1.0.1\auto-service-annotations-1.0.1.jar;D:\maven\MAVEN_REPOSITORY\com\google\auto\auto-common\1.2\auto-common-1.2.jar;D:\maven\MAVEN_REPOSITORY\com\google\guava\guava\31.0.1-jre\guava-31.0.1-jre.jar;D:\maven\MAVEN_REPOSITORY\com\google\guava\failureaccess\1.0.1\failureaccess-1.0.1.jar;D:\maven\MAVEN_REPOSITORY\com\google\guava\listenablefuture\9999.0-empty-to-avoid-conflict-with-guava\listenablefuture-9999.0-empty-to-avoid-conflict-with-guava.jar;D:\maven\MAVEN_REPOSITORY\com\google\code\findbugs\jsr305\3.0.2\jsr305-3.0.2.jar;D:\maven\MAVEN_REPOSITORY\org\checkerframework\checker-qual\3.12.0\checker-qual-3.12.0.jar;D:\maven\MAVEN_REPOSITORY\com\google\errorprone\error_prone_annotations\2.7.1\error_prone_annotations-2.7.1.jar;D:\maven\MAVEN_REPOSITORY\com\google\j2objc\j2objc-annotations\1.3\j2objc-annotations-1.3.jar;D:\maven\MAVEN_REPOSITORY\org\springframework\boot\spring-boot-starter-web\3.3.6\spring-boot-starter-web-3.3.6.jar;D:\maven\MAVEN_REPOSITORY\org\springframework\boot\spring-boot-starter\3.3.6\spring-boot-starter-3.3.6.jar;D:\maven\MAVEN_REPOSITORY\org\springframework\boot\spring-boot\3.3.6\spring-boot-3.3.6.jar;D:\maven\MAVEN_REPOSITORY\org\springframework\boot\spring-boot-starter-logging\3.3.6\spring-boot-starter-logging-3.3.6.jar;D:\maven\MAVEN_REPOSITORY\ch\qos\logback\logback-classic\1.5.12\logback-classic-1.5.12.jar;D:\maven\MAVEN_REPOSITORY\ch\qos\logback\logback-core\1.5.12\logback-core-1.5.12.jar;D:\maven\MAVEN_REPOSITORY\org\apache\logging\log4j\log4j-to-slf4j\2.23.1\log4j-to-slf4j-2.23.1.jar;D:\maven\MAVEN_REPOSITORY\org\apache\logging\log4j\log4j-api\2.23.1\log4j-api-2.23.1.jar;D:\maven\MAVEN_REPOSITORY\org\slf4j\jul-to-slf4j\2.0.16\jul-to-slf4j-2.0.16.jar;D:\maven\MAVEN_REPOSITORY\org\yaml\snakeyaml\2.2\snakeyaml-2.2.jar;D:\maven\MAVEN_REPOSITORY\org\springframework\boot\spring-boot-starter-json\3.3.6\spring-boot-starter-json-3.3.6.jar;D:\maven\MAVEN_REPOSITORY\com\fasterxml\jackson\datatype\jackson-datatype-jdk8\2.17.3\jackson-datatype-jdk8-2.17.3.jar;D:\maven\MAVEN_REPOSITORY\com\fasterxml\jackson\datatype\jackson-datatype-jsr310\2.17.3\jackson-datatype-jsr310-2.17.3.jar;D:\maven\MAVEN_REPOSITORY\com\fasterxml\jackson\module\jackson-module-parameter-names\2.17.3\jackson-module-parameter-names-2.17.3.jar;D:\maven\MAVEN_REPOSITORY\org\springframework\boot\spring-boot-starter-tomcat\3.3.6\spring-boot-starter-tomcat-3.3.6.jar;D:\maven\MAVEN_REPOSITORY\org\apache\tomcat\embed\tomcat-embed-core\10.1.33\tomcat-embed-core-10.1.33.jar;D:\maven\MAVEN_REPOSITORY\org\apache\tomcat\embed\tomcat-embed-websocket\10.1.33\tomcat-embed-websocket-10.1.33.jar;D:\maven\MAVEN_REPOSITORY\org\springframework\spring-web\6.1.15\spring-web-6.1.15.jar;D:\maven\MAVEN_REPOSITORY\org\springframework\spring-beans\6.1.15\spring-beans-6.1.15.jar;D:\maven\MAVEN_REPOSITORY\org\springframework\spring-webmvc\6.1.15\spring-webmvc-6.1.15.jar;D:\maven\MAVEN_REPOSITORY\org\springframework\spring-context\6.1.15\spring-context-6.1.15.jar;D:\maven\MAVEN_REPOSITORY\org\springframework\spring-expression\6.1.15\spring-expression-6.1.15.jar;D:\maven\MAVEN_REPOSITORY\org\springframework\boot\spring-boot-starter-actuator\3.3.6\spring-boot-starter-actuator-3.3.6.jar;D:\maven\MAVEN_REPOSITORY\org\springframework\boot\spring-boot-actuator-autoconfigure\3.3.6\spring-boot-actuator-autoconfigure-3.3.6.jar;D:\maven\MAVEN_REPOSITORY\org\springframework\boot\spring-boot-actuator\3.3.6\spring-boot-actuator-3.3.6.jar;D:\maven\MAVEN_REPOSITORY\io\micrometer\micrometer-observation\1.13.8\micrometer-observation-1.13.8.jar;D:\maven\MAVEN_REPOSITORY\io\micrometer\micrometer-commons\1.13.8\micrometer-commons-1.13.8.jar;D:\maven\MAVEN_REPOSITORY\io\micrometer\micrometer-jakarta9\1.13.8\micrometer-jakarta9-1.13.8.jar;D:\maven\MAVEN_REPOSITORY\io\micrometer\micrometer-core\1.13.8\micrometer-core-1.13.8.jar;D:\maven\MAVEN_REPOSITORY\org\hdrhistogram\HdrHistogram\2.2.2\HdrHistogram-2.2.2.jar;D:\maven\MAVEN_REPOSITORY\org\latencyutils\LatencyUtils\2.0.3\LatencyUtils-2.0.3.jar;D:\maven\MAVEN_REPOSITORY\org\springframework\boot\spring-boot-starter-validation\3.3.6\spring-boot-starter-validation-3.3.6.jar;D:\maven\MAVEN_REPOSITORY\org\apache\tomcat\embed\tomcat-embed-el\10.1.33\tomcat-embed-el-10.1.33.jar;D:\maven\MAVEN_REPOSITORY\org\hibernate\validator\hibernate-validator\8.0.1.Final\hibernate-validator-8.0.1.Final.jar;D:\maven\MAVEN_REPOSITORY\jakarta\validation\jakarta.validation-api\3.0.2\jakarta.validation-api-3.0.2.jar;D:\maven\MAVEN_REPOSITORY\org\jboss\logging\jboss-logging\3.5.3.Final\jboss-logging-3.5.3.Final.jar;D:\maven\MAVEN_REPOSITORY\com\fasterxml\classmate\1.7.0\classmate-1.7.0.jar;D:\maven\MAVEN_REPOSITORY\org\springframework\boot\spring-boot-starter-aop\3.3.6\spring-boot-starter-aop-3.3.6.jar;D:\maven\MAVEN_REPOSITORY\org\springframework\spring-aop\6.1.15\spring-aop-6.1.15.jar;D:\maven\MAVEN_REPOSITORY\org\aspectj\aspectjweaver\1.9.22.1\aspectjweaver-1.9.22.1.jar;D:\maven\MAVEN_REPOSITORY\org\springframework\boot\spring-boot-starter-data-redis\3.3.6\spring-boot-starter-data-redis-3.3.6.jar;D:\maven\MAVEN_REPOSITORY\io\lettuce\lettuce-core\6.3.2.RELEASE\lettuce-core-6.3.2.RELEASE.jar;D:\maven\MAVEN_REPOSITORY\io\netty\netty-common\4.1.115.Final\netty-common-4.1.115.Final.jar;D:\maven\MAVEN_REPOSITORY\io\netty\netty-handler\4.1.115.Final\netty-handler-4.1.115.Final.jar;D:\maven\MAVEN_REPOSITORY\io\netty\netty-resolver\4.1.115.Final\netty-resolver-4.1.115.Final.jar;D:\maven\MAVEN_REPOSITORY\io\netty\netty-buffer\4.1.115.Final\netty-buffer-4.1.115.Final.jar;D:\maven\MAVEN_REPOSITORY\io\netty\netty-transport-native-unix-common\4.1.115.Final\netty-transport-native-unix-common-4.1.115.Final.jar;D:\maven\MAVEN_REPOSITORY\io\netty\netty-codec\4.1.115.Final\netty-codec-4.1.115.Final.jar;D:\maven\MAVEN_REPOSITORY\io\netty\netty-transport\4.1.115.Final\netty-transport-4.1.115.Final.jar;D:\maven\MAVEN_REPOSITORY\io\projectreactor\reactor-core\3.6.12\reactor-core-3.6.12.jar;D:\maven\MAVEN_REPOSITORY\org\reactivestreams\reactive-streams\1.0.4\reactive-streams-1.0.4.jar;D:\maven\MAVEN_REPOSITORY\org\springframework\data\spring-data-redis\3.3.6\spring-data-redis-3.3.6.jar;D:\maven\MAVEN_REPOSITORY\org\springframework\data\spring-data-keyvalue\3.3.6\spring-data-keyvalue-3.3.6.jar;D:\maven\MAVEN_REPOSITORY\org\springframework\spring-tx\6.1.15\spring-tx-6.1.15.jar;D:\maven\MAVEN_REPOSITORY\org\springframework\spring-oxm\6.1.15\spring-oxm-6.1.15.jar;D:\maven\MAVEN_REPOSITORY\org\springframework\spring-context-support\6.1.15\spring-context-support-6.1.15.jar;D:\maven\MAVEN_REPOSITORY\org\springframework\boot\spring-boot-starter-data-jpa\3.3.6\spring-boot-starter-data-jpa-3.3.6.jar;D:\maven\MAVEN_REPOSITORY\org\springframework\boot\spring-boot-starter-jdbc\3.3.6\spring-boot-starter-jdbc-3.3.6.jar;D:\maven\MAVEN_REPOSITORY\com\zaxxer\HikariCP\5.1.0\HikariCP-5.1.0.jar;D:\maven\MAVEN_REPOSITORY\org\springframework\spring-jdbc\6.1.15\spring-jdbc-6.1.15.jar;D:\maven\MAVEN_REPOSITORY\org\hibernate\orm\hibernate-core\6.5.3.Final\hibernate-core-6.5.3.Final.jar;D:\maven\MAVEN_REPOSITORY\jakarta\persistence\jakarta.persistence-api\3.1.0\jakarta.persistence-api-3.1.0.jar;D:\maven\MAVEN_REPOSITORY\jakarta\transaction\jakarta.transaction-api\2.0.1\jakarta.transaction-api-2.0.1.jar;D:\maven\MAVEN_REPOSITORY\org\hibernate\common\hibernate-commons-annotations\6.0.6.Final\hibernate-commons-annotations-6.0.6.Final.jar;D:\maven\MAVEN_REPOSITORY\io\smallrye\jandex\3.1.2\jandex-3.1.2.jar;D:\maven\MAVEN_REPOSITORY\net\bytebuddy\byte-buddy\1.14.19\byte-buddy-1.14.19.jar;D:\maven\MAVEN_REPOSITORY\jakarta\inject\jakarta.inject-api\2.0.1\jakarta.inject-api-2.0.1.jar;D:\maven\MAVEN_REPOSITORY\org\antlr\antlr4-runtime\4.13.0\antlr4-runtime-4.13.0.jar;D:\maven\MAVEN_REPOSITORY\org\springframework\data\spring-data-jpa\3.3.6\spring-data-jpa-3.3.6.jar;D:\maven\MAVEN_REPOSITORY\org\springframework\data\spring-data-commons\3.3.6\spring-data-commons-3.3.6.jar;D:\maven\MAVEN_REPOSITORY\org\springframework\spring-orm\6.1.15\spring-orm-6.1.15.jar;D:\maven\MAVEN_REPOSITORY\org\springframework\spring-aspects\6.1.15\spring-aspects-6.1.15.jar;D:\maven\MAVEN_REPOSITORY\org\springframework\boot\spring-boot-starter-data-mongodb\3.3.6\spring-boot-starter-data-mongodb-3.3.6.jar;D:\maven\MAVEN_REPOSITORY\org\mongodb\mongodb-driver-sync\5.0.1\mongodb-driver-sync-5.0.1.jar;D:\maven\MAVEN_REPOSITORY\org\mongodb\bson\5.0.1\bson-5.0.1.jar;D:\maven\MAVEN_REPOSITORY\org\mongodb\mongodb-driver-core\5.0.1\mongodb-driver-core-5.0.1.jar;D:\maven\MAVEN_REPOSITORY\org\mongodb\bson-record-codec\5.0.1\bson-record-codec-5.0.1.jar;D:\maven\MAVEN_REPOSITORY\org\springframework\data\spring-data-mongodb\4.3.6\spring-data-mongodb-4.3.6.jar;D:\maven\MAVEN_REPOSITORY\org\springframework\boot\spring-boot-starter-test\3.3.6\spring-boot-starter-test-3.3.6.jar;D:\maven\MAVEN_REPOSITORY\org\springframework\boot\spring-boot-test\3.3.6\spring-boot-test-3.3.6.jar;D:\maven\MAVEN_REPOSITORY\org\springframework\boot\spring-boot-test-autoconfigure\3.3.6\spring-boot-test-autoconfigure-3.3.6.jar;D:\maven\MAVEN_REPOSITORY\com\jayway\jsonpath\json-path\2.9.0\json-path-2.9.0.jar;D:\maven\MAVEN_REPOSITORY\jakarta\xml\bind\jakarta.xml.bind-api\4.0.2\jakarta.xml.bind-api-4.0.2.jar;D:\maven\MAVEN_REPOSITORY\jakarta\activation\jakarta.activation-api\2.1.3\jakarta.activation-api-2.1.3.jar;D:\maven\MAVEN_REPOSITORY\net\minidev\json-smart\2.5.1\json-smart-2.5.1.jar;D:\maven\MAVEN_REPOSITORY\net\minidev\accessors-smart\2.5.1\accessors-smart-2.5.1.jar;D:\maven\MAVEN_REPOSITORY\org\ow2\asm\asm\9.6\asm-9.6.jar;D:\maven\MAVEN_REPOSITORY\org\assertj\assertj-core\3.25.3\assertj-core-3.25.3.jar;D:\maven\MAVEN_REPOSITORY\org\awaitility\awaitility\4.2.2\awaitility-4.2.2.jar;D:\maven\MAVEN_REPOSITORY\org\hamcrest\hamcrest\2.2\hamcrest-2.2.jar;D:\maven\MAVEN_REPOSITORY\org\junit\jupiter\junit-jupiter\5.10.5\junit-jupiter-5.10.5.jar;D:\maven\MAVEN_REPOSITORY\org\junit\jupiter\junit-jupiter-api\5.10.5\junit-jupiter-api-5.10.5.jar;D:\maven\MAVEN_REPOSITORY\org\opentest4j\opentest4j\1.3.0\opentest4j-1.3.0.jar;D:\maven\MAVEN_REPOSITORY\org\junit\platform\junit-platform-commons\1.10.5\junit-platform-commons-1.10.5.jar;D:\maven\MAVEN_REPOSITORY\org\apiguardian\apiguardian-api\1.1.2\apiguardian-api-1.1.2.jar;D:\maven\MAVEN_REPOSITORY\org\junit\jupiter\junit-jupiter-params\5.10.5\junit-jupiter-params-5.10.5.jar;D:\maven\MAVEN_REPOSITORY\org\junit\jupiter\junit-jupiter-engine\5.10.5\junit-jupiter-engine-5.10.5.jar;D:\maven\MAVEN_REPOSITORY\org\junit\platform\junit-platform-engine\1.10.5\junit-platform-engine-1.10.5.jar;D:\maven\MAVEN_REPOSITORY\org\mockito\mockito-core\5.11.0\mockito-core-5.11.0.jar;D:\maven\MAVEN_REPOSITORY\net\bytebuddy\byte-buddy-agent\1.14.19\byte-buddy-agent-1.14.19.jar;D:\maven\MAVEN_REPOSITORY\org\objenesis\objenesis\3.3\objenesis-3.3.jar;D:\maven\MAVEN_REPOSITORY\org\mockito\mockito-junit-jupiter\5.11.0\mockito-junit-jupiter-5.11.0.jar;D:\maven\MAVEN_REPOSITORY\org\skyscreamer\jsonassert\1.5.3\jsonassert-1.5.3.jar;D:\maven\MAVEN_REPOSITORY\com\vaadin\external\google\android-json\0.0.20131108.vaadin1\android-json-0.0.20131108.vaadin1.jar;D:\maven\MAVEN_REPOSITORY\org\springframework\spring-core\6.1.15\spring-core-6.1.15.jar;D:\maven\MAVEN_REPOSITORY\org\springframework\spring-jcl\6.1.15\spring-jcl-6.1.15.jar;D:\maven\MAVEN_REPOSITORY\org\springframework\spring-test\6.1.15\spring-test-6.1.15.jar;D:\maven\MAVEN_REPOSITORY\org\xmlunit\xmlunit-core\2.9.1\xmlunit-core-2.9.1.jar;D:\maven\MAVEN_REPOSITORY\org\projectlombok\lombok\1.18.36\lombok-1.18.36.jar;D:\maven\MAVEN_REPOSITORY\com\mysql\mysql-connector-j\9.1.0\mysql-connector-j-9.1.0.jar;D:\maven\MAVEN_REPOSITORY\com\google\protobuf\protobuf-java\4.26.1\protobuf-java-4.26.1.jar;D:\maven\MAVEN_REPOSITORY\com\alibaba\druid-spring-boot-starter\1.2.24\druid-spring-boot-starter-1.2.24.jar;D:\maven\MAVEN_REPOSITORY\com\alibaba\druid\1.2.24\druid-1.2.24.jar;D:\maven\MAVEN_REPOSITORY\org\slf4j\slf4j-api\2.0.16\slf4j-api-2.0.16.jar;D:\maven\MAVEN_REPOSITORY\org\springframework\boot\spring-boot-autoconfigure\3.3.6\spring-boot-autoconfigure-3.3.6.jar;D:\maven\MAVEN_REPOSITORY\org\glassfish\jaxb\jaxb-runtime\4.0.5\jaxb-runtime-4.0.5.jar;D:\maven\MAVEN_REPOSITORY\org\glassfish\jaxb\jaxb-core\4.0.5\jaxb-core-4.0.5.jar;D:\maven\MAVEN_REPOSITORY\org\eclipse\angus\angus-activation\2.0.2\angus-activation-2.0.2.jar;D:\maven\MAVEN_REPOSITORY\org\glassfish\jaxb\txw2\4.0.5\txw2-4.0.5.jar;D:\maven\MAVEN_REPOSITORY\com\sun\istack\istack-commons-runtime\4.1.2\istack-commons-runtime-4.1.2.jar;D:\maven\MAVEN_REPOSITORY\org\apache\rocketmq\rocketmq-spring-boot-starter\2.3.1\rocketmq-spring-boot-starter-2.3.1.jar;D:\maven\MAVEN_REPOSITORY\org\apache\rocketmq\rocketmq-spring-boot\2.3.1\rocketmq-spring-boot-2.3.1.jar;D:\maven\MAVEN_REPOSITORY\org\apache\rocketmq\rocketmq-client\5.3.0\rocketmq-client-5.3.0.jar;D:\maven\MAVEN_REPOSITORY\org\apache\rocketmq\rocketmq-remoting\5.3.0\rocketmq-remoting-5.3.0.jar;D:\maven\MAVEN_REPOSITORY\org\reflections\reflections\0.9.11\reflections-0.9.11.jar;D:\maven\MAVEN_REPOSITORY\org\javassist\javassist\3.21.0-GA\javassist-3.21.0-GA.jar;D:\maven\MAVEN_REPOSITORY\org\apache\commons\commons-lang3\3.14.0\commons-lang3-3.14.0.jar;D:\maven\MAVEN_REPOSITORY\io\github\aliyunmq\rocketmq-slf4j-api\1.0.1\rocketmq-slf4j-api-1.0.1.jar;D:\maven\MAVEN_REPOSITORY\io\github\aliyunmq\rocketmq-logback-classic\1.0.1\rocketmq-logback-classic-1.0.1.jar;D:\maven\MAVEN_REPOSITORY\org\apache\rocketmq\rocketmq-acl\5.3.0\rocketmq-acl-5.3.0.jar;D:\maven\MAVEN_REPOSITORY\org\apache\rocketmq\rocketmq-proto\2.0.3\rocketmq-proto-2.0.3.jar;D:\maven\MAVEN_REPOSITORY\org\apache\rocketmq\rocketmq-common\5.3.0\rocketmq-common-5.3.0.jar;D:\maven\MAVEN_REPOSITORY\com\alibaba\fastjson\1.2.83\fastjson-1.2.83.jar;D:\maven\MAVEN_REPOSITORY\com\alibaba\fastjson2\fastjson2\2.0.43\fastjson2-2.0.43.jar;D:\maven\MAVEN_REPOSITORY\io\netty\netty-all\4.1.115.Final\netty-all-4.1.115.Final.jar;D:\maven\MAVEN_REPOSITORY\io\netty\netty-codec-dns\4.1.115.Final\netty-codec-dns-4.1.115.Final.jar;D:\maven\MAVEN_REPOSITORY\io\netty\netty-codec-haproxy\4.1.115.Final\netty-codec-haproxy-4.1.115.Final.jar;D:\maven\MAVEN_REPOSITORY\io\netty\netty-codec-http\4.1.115.Final\netty-codec-http-4.1.115.Final.jar;D:\maven\MAVEN_REPOSITORY\io\netty\netty-codec-http2\4.1.115.Final\netty-codec-http2-4.1.115.Final.jar;D:\maven\MAVEN_REPOSITORY\io\netty\netty-codec-memcache\4.1.115.Final\netty-codec-memcache-4.1.115.Final.jar;D:\maven\MAVEN_REPOSITORY\io\netty\netty-codec-mqtt\4.1.115.Final\netty-codec-mqtt-4.1.115.Final.jar;D:\maven\MAVEN_REPOSITORY\io\netty\netty-codec-redis\4.1.115.Final\netty-codec-redis-4.1.115.Final.jar;D:\maven\MAVEN_REPOSITORY\io\netty\netty-codec-smtp\4.1.115.Final\netty-codec-smtp-4.1.115.Final.jar;D:\maven\MAVEN_REPOSITORY\io\netty\netty-codec-socks\4.1.115.Final\netty-codec-socks-4.1.115.Final.jar;D:\maven\MAVEN_REPOSITORY\io\netty\netty-codec-stomp\4.1.115.Final\netty-codec-stomp-4.1.115.Final.jar;D:\maven\MAVEN_REPOSITORY\io\netty\netty-codec-xml\4.1.115.Final\netty-codec-xml-4.1.115.Final.jar;D:\maven\MAVEN_REPOSITORY\io\netty\netty-handler-proxy\4.1.115.Final\netty-handler-proxy-4.1.115.Final.jar;D:\maven\MAVEN_REPOSITORY\io\netty\netty-handler-ssl-ocsp\4.1.115.Final\netty-handler-ssl-ocsp-4.1.115.Final.jar;D:\maven\MAVEN_REPOSITORY\io\netty\netty-resolver-dns\4.1.115.Final\netty-resolver-dns-4.1.115.Final.jar;D:\maven\MAVEN_REPOSITORY\io\netty\netty-transport-rxtx\4.1.115.Final\netty-transport-rxtx-4.1.115.Final.jar;D:\maven\MAVEN_REPOSITORY\io\netty\netty-transport-sctp\4.1.115.Final\netty-transport-sctp-4.1.115.Final.jar;D:\maven\MAVEN_REPOSITORY\io\netty\netty-transport-udt\4.1.115.Final\netty-transport-udt-4.1.115.Final.jar;D:\maven\MAVEN_REPOSITORY\io\netty\netty-transport-classes-epoll\4.1.115.Final\netty-transport-classes-epoll-4.1.115.Final.jar;D:\maven\MAVEN_REPOSITORY\io\netty\netty-transport-classes-kqueue\4.1.115.Final\netty-transport-classes-kqueue-4.1.115.Final.jar;D:\maven\MAVEN_REPOSITORY\io\netty\netty-resolver-dns-classes-macos\4.1.115.Final\netty-resolver-dns-classes-macos-4.1.115.Final.jar;D:\maven\MAVEN_REPOSITORY\io\netty\netty-transport-native-epoll\4.1.115.Final\netty-transport-native-epoll-4.1.115.Final-linux-x86_64.jar;D:\maven\MAVEN_REPOSITORY\io\netty\netty-transport-native-epoll\4.1.115.Final\netty-transport-native-epoll-4.1.115.Final-linux-aarch_64.jar;D:\maven\MAVEN_REPOSITORY\io\netty\netty-transport-native-epoll\4.1.115.Final\netty-transport-native-epoll-4.1.115.Final-linux-riscv64.jar;D:\maven\MAVEN_REPOSITORY\io\netty\netty-transport-native-kqueue\4.1.115.Final\netty-transport-native-kqueue-4.1.115.Final-osx-x86_64.jar;D:\maven\MAVEN_REPOSITORY\io\netty\netty-transport-native-kqueue\4.1.115.Final\netty-transport-native-kqueue-4.1.115.Final-osx-aarch_64.jar;D:\maven\MAVEN_REPOSITORY\io\netty\netty-resolver-dns-native-macos\4.1.115.Final\netty-resolver-dns-native-macos-4.1.115.Final-osx-x86_64.jar;D:\maven\MAVEN_REPOSITORY\io\netty\netty-resolver-dns-native-macos\4.1.115.Final\netty-resolver-dns-native-macos-4.1.115.Final-osx-aarch_64.jar;D:\maven\MAVEN_REPOSITORY\com\github\luben\zstd-jni\1.5.2-2\zstd-jni-1.5.2-2.jar;D:\maven\MAVEN_REPOSITORY\org\lz4\lz4-java\1.8.0\lz4-java-1.8.0.jar;D:\maven\MAVEN_REPOSITORY\io\opentelemetry\opentelemetry-exporter-otlp\1.38.0\opentelemetry-exporter-otlp-1.38.0.jar;D:\maven\MAVEN_REPOSITORY\io\opentelemetry\opentelemetry-sdk-trace\1.38.0\opentelemetry-sdk-trace-1.38.0.jar;D:\maven\MAVEN_REPOSITORY\io\opentelemetry\opentelemetry-sdk-metrics\1.38.0\opentelemetry-sdk-metrics-1.38.0.jar;D:\maven\MAVEN_REPOSITORY\io\opentelemetry\opentelemetry-api-incubator\1.38.0-alpha\opentelemetry-api-incubator-1.38.0-alpha.jar;D:\maven\MAVEN_REPOSITORY\io\opentelemetry\opentelemetry-sdk-logs\1.38.0\opentelemetry-sdk-logs-1.38.0.jar;D:\maven\MAVEN_REPOSITORY\io\opentelemetry\opentelemetry-exporter-otlp-common\1.38.0\opentelemetry-exporter-otlp-common-1.38.0.jar;D:\maven\MAVEN_REPOSITORY\io\opentelemetry\opentelemetry-exporter-common\1.38.0\opentelemetry-exporter-common-1.38.0.jar;D:\maven\MAVEN_REPOSITORY\io\opentelemetry\opentelemetry-exporter-sender-okhttp\1.38.0\opentelemetry-exporter-sender-okhttp-1.38.0.jar;D:\maven\MAVEN_REPOSITORY\com\squareup\okhttp3\okhttp\4.12.0\okhttp-4.12.0.jar;D:\maven\MAVEN_REPOSITORY\com\squareup\okio\okio\3.6.0\okio-3.6.0.jar;D:\maven\MAVEN_REPOSITORY\org\jetbrains\kotlin\kotlin-stdlib-jdk8\1.9.25\kotlin-stdlib-jdk8-1.9.25.jar;D:\maven\MAVEN_REPOSITORY\org\jetbrains\kotlin\kotlin-stdlib\1.9.25\kotlin-stdlib-1.9.25.jar;D:\maven\MAVEN_REPOSITORY\org\jetbrains\annotations\13.0\annotations-13.0.jar;D:\maven\MAVEN_REPOSITORY\org\jetbrains\kotlin\kotlin-stdlib-jdk7\1.9.25\kotlin-stdlib-jdk7-1.9.25.jar;D:\maven\MAVEN_REPOSITORY\io\opentelemetry\opentelemetry-sdk-extension-autoconfigure-spi\1.38.0\opentelemetry-sdk-extension-autoconfigure-spi-1.38.0.jar;D:\maven\MAVEN_REPOSITORY\io\opentelemetry\opentelemetry-exporter-prometheus\1.29.0-alpha\opentelemetry-exporter-prometheus-1.29.0-alpha.jar;D:\maven\MAVEN_REPOSITORY\io\opentelemetry\opentelemetry-exporter-logging\1.38.0\opentelemetry-exporter-logging-1.38.0.jar;D:\maven\MAVEN_REPOSITORY\io\opentelemetry\opentelemetry-sdk\1.38.0\opentelemetry-sdk-1.38.0.jar;D:\maven\MAVEN_REPOSITORY\io\opentelemetry\opentelemetry-api\1.38.0\opentelemetry-api-1.38.0.jar;D:\maven\MAVEN_REPOSITORY\io\opentelemetry\opentelemetry-context\1.38.0\opentelemetry-context-1.38.0.jar;D:\maven\MAVEN_REPOSITORY\io\opentelemetry\opentelemetry-sdk-common\1.38.0\opentelemetry-sdk-common-1.38.0.jar;D:\maven\MAVEN_REPOSITORY\io\opentelemetry\opentelemetry-exporter-logging-otlp\1.38.0\opentelemetry-exporter-logging-otlp-1.38.0.jar;D:\maven\MAVEN_REPOSITORY\io\grpc\grpc-stub\1.53.0\grpc-stub-1.53.0.jar;D:\maven\MAVEN_REPOSITORY\io\grpc\grpc-api\1.53.0\grpc-api-1.53.0.jar;D:\maven\MAVEN_REPOSITORY\io\grpc\grpc-context\1.53.0\grpc-context-1.53.0.jar;D:\maven\MAVEN_REPOSITORY\io\grpc\grpc-netty-shaded\1.53.0\grpc-netty-shaded-1.53.0.jar;D:\maven\MAVEN_REPOSITORY\io\perfmark\perfmark-api\0.25.0\perfmark-api-0.25.0.jar;D:\maven\MAVEN_REPOSITORY\io\grpc\grpc-core\1.53.0\grpc-core-1.53.0.jar;D:\maven\MAVEN_REPOSITORY\com\google\code\gson\gson\2.10.1\gson-2.10.1.jar;D:\maven\MAVEN_REPOSITORY\com\google\android\annotations\4.1.1.4\annotations-4.1.1.4.jar;D:\maven\MAVEN_REPOSITORY\org\codehaus\mojo\animal-sniffer-annotations\1.21\animal-sniffer-annotations-1.21.jar;D:\maven\MAVEN_REPOSITORY\com\squareup\okio\okio-jvm\3.4.0\okio-jvm-3.4.0.jar;D:\maven\MAVEN_REPOSITORY\org\apache\rocketmq\rocketmq-srvutil\5.3.0\rocketmq-srvutil-5.3.0.jar;D:\maven\MAVEN_REPOSITORY\commons-cli\commons-cli\1.5.0\commons-cli-1.5.0.jar;D:\maven\MAVEN_REPOSITORY\com\googlecode\concurrentlinkedhashmap\concurrentlinkedhashmap-lru\1.4.2\concurrentlinkedhashmap-lru-1.4.2.jar;D:\maven\MAVEN_REPOSITORY\commons-validator\commons-validator\1.7\commons-validator-1.7.jar;D:\maven\MAVEN_REPOSITORY\commons-beanutils\commons-beanutils\1.9.4\commons-beanutils-1.9.4.jar;D:\maven\MAVEN_REPOSITORY\commons-digester\commons-digester\2.1\commons-digester-2.1.jar;D:\maven\MAVEN_REPOSITORY\commons-logging\commons-logging\1.2\commons-logging-1.2.jar;D:\maven\MAVEN_REPOSITORY\commons-collections\commons-collections\3.2.2\commons-collections-3.2.2.jar;D:\maven\MAVEN_REPOSITORY\com\google\protobuf\protobuf-java-util\3.20.1\protobuf-java-util-3.20.1.jar;D:\maven\MAVEN_REPOSITORY\org\springframework\spring-messaging\6.1.15\spring-messaging-6.1.15.jar;D:\maven\MAVEN_REPOSITORY\org\springframework\cloud\spring-cloud-starter-openfeign\4.1.4\spring-cloud-starter-openfeign-4.1.4.jar;D:\maven\MAVEN_REPOSITORY\org\springframework\cloud\spring-cloud-starter\4.1.5\spring-cloud-starter-4.1.5.jar;D:\maven\MAVEN_REPOSITORY\org\springframework\security\spring-security-rsa\1.1.3\spring-security-rsa-1.1.3.jar;D:\maven\MAVEN_REPOSITORY\org\bouncycastle\bcprov-jdk18on\1.78\bcprov-jdk18on-1.78.jar;D:\maven\MAVEN_REPOSITORY\org\springframework\cloud\spring-cloud-commons\4.1.5\spring-cloud-commons-4.1.5.jar;D:\maven\MAVEN_REPOSITORY\org\springframework\security\spring-security-crypto\6.3.5\spring-security-crypto-6.3.5.jar;D:\maven\MAVEN_REPOSITORY\io\github\openfeign\feign-core\13.5\feign-core-13.5.jar;D:\maven\MAVEN_REPOSITORY\io\github\openfeign\feign-slf4j\13.5\feign-slf4j-13.5.jar;D:\maven\MAVEN_REPOSITORY\org\springframework\cloud\spring-cloud-openfeign-core\4.1.4\spring-cloud-openfeign-core-4.1.4.jar;D:\maven\MAVEN_REPOSITORY\io\github\openfeign\feign-form-spring\13.5\feign-form-spring-13.5.jar;D:\maven\MAVEN_REPOSITORY\io\github\openfeign\feign-form\13.5\feign-form-13.5.jar;D:\maven\MAVEN_REPOSITORY\commons-fileupload\commons-fileupload\1.5\commons-fileupload-1.5.jar;D:\maven\MAVEN_REPOSITORY\commons-io\commons-io\2.11.0\commons-io-2.11.0.jar;D:\maven\MAVEN_REPOSITORY\com\alibaba\cloud\spring-cloud-starter-alibaba-nacos-config\2023.0.1.2\spring-cloud-starter-alibaba-nacos-config-2023.0.1.2.jar;D:\maven\MAVEN_REPOSITORY\com\alibaba\cloud\spring-cloud-alibaba-commons\2023.0.1.2\spring-cloud-alibaba-commons-2023.0.1.2.jar;D:\maven\MAVEN_REPOSITORY\com\alibaba\spring\spring-context-support\1.0.11\spring-context-support-1.0.11.jar;D:\maven\MAVEN_REPOSITORY\com\alibaba\nacos\nacos-client\2.3.2\nacos-client-2.3.2.jar;D:\maven\MAVEN_REPOSITORY\com\alibaba\nacos\nacos-auth-plugin\2.3.2\nacos-auth-plugin-2.3.2.jar;D:\maven\MAVEN_REPOSITORY\com\alibaba\nacos\nacos-encryption-plugin\2.3.2\nacos-encryption-plugin-2.3.2.jar;D:\maven\MAVEN_REPOSITORY\commons-codec\commons-codec\1.16.1\commons-codec-1.16.1.jar;D:\maven\MAVEN_REPOSITORY\com\fasterxml\jackson\core\jackson-core\2.17.3\jackson-core-2.17.3.jar;D:\maven\MAVEN_REPOSITORY\org\apache\httpcomponents\httpasyncclient\4.1.5\httpasyncclient-4.1.5.jar;D:\maven\MAVEN_REPOSITORY\org\apache\httpcomponents\httpcore-nio\4.4.16\httpcore-nio-4.4.16.jar;D:\maven\MAVEN_REPOSITORY\org\apache\httpcomponents\httpclient\4.5.13\httpclient-4.5.13.jar;D:\maven\MAVEN_REPOSITORY\org\apache\httpcomponents\httpcore\4.4.16\httpcore-4.4.16.jar;D:\maven\MAVEN_REPOSITORY\io\prometheus\simpleclient\0.16.0\simpleclient-0.16.0.jar;D:\maven\MAVEN_REPOSITORY\io\prometheus\simpleclient_tracer_otel\0.16.0\simpleclient_tracer_otel-0.16.0.jar;D:\maven\MAVEN_REPOSITORY\io\prometheus\simpleclient_tracer_common\0.16.0\simpleclient_tracer_common-0.16.0.jar;D:\maven\MAVEN_REPOSITORY\io\prometheus\simpleclient_tracer_otel_agent\0.16.0\simpleclient_tracer_otel_agent-0.16.0.jar;D:\maven\MAVEN_REPOSITORY\org\springframework\cloud\spring-cloud-context\4.1.5\spring-cloud-context-4.1.5.jar;D:\maven\MAVEN_REPOSITORY\jakarta\annotation\jakarta.annotation-api\2.1.1\jakarta.annotation-api-2.1.1.jar;D:\maven\MAVEN_REPOSITORY\com\alibaba\cloud\spring-cloud-starter-alibaba-nacos-discovery\2023.0.1.2\spring-cloud-starter-alibaba-nacos-discovery-2023.0.1.2.jar;D:\maven\MAVEN_REPOSITORY\org\springframework\cloud\spring-cloud-starter-bootstrap\4.1.5\spring-cloud-starter-bootstrap-4.1.5.jar;"/>
    <property name="sun.cpu.endian" value="little"/>
    <property name="user.home" value="C:\Users\MI"/>
    <property name="user.language" value="zh"/>
    <property name="java.specification.vendor" value="Oracle Corporation"/>
    <property name="java.version.date" value="2024-01-16"/>
    <property name="java.home" value="C:\Program Files\Java\jdk-17"/>
    <property name="file.separator" value="\"/>
    <property name="basedir" value="D:\Desktop\oomall-2023\service"/>
    <property name="java.vm.compressedOopsMode" value="32-bit"/>
    <property name="line.separator" value="&#10;"/>
    <property name="java.vm.specification.vendor" value="Oracle Corporation"/>
    <property name="java.specification.name" value="Java Platform API Specification"/>
    <property name="FILE_LOG_CHARSET" value="UTF-8"/>
    <property name="java.awt.headless" value="true"/>
    <property name="surefire.real.class.path" value="C:\Users\MI\AppData\Local\Temp\surefire5481376853752312401\surefirebooter-20241226011142985_3.jar"/>
    <property name="user.script" value=""/>
    <property name="sun.management.compiler" value="HotSpot 64-Bit Tiered Compilers"/>
    <property name="java.runtime.version" value="17.0.10+11-LTS-240"/>
    <property name="user.name" value="MI"/>
    <property name="path.separator" value=";"/>
    <property name="os.version" value="10.0"/>
    <property name="java.runtime.name" value="Java(TM) SE Runtime Environment"/>
    <property name="file.encoding" value="UTF-8"/>
    <property name="java.vm.name" value="Java HotSpot(TM) 64-Bit Server VM"/>
    <property name="localRepository" value="D:\maven\MAVEN_REPOSITORY"/>
    <property name="java.vendor.url.bug" value="https://bugreport.java.com/bugreport/"/>
    <property name="java.io.tmpdir" value="C:\Users\MI\AppData\Local\Temp\"/>
    <property name="idea.version" value="2024.1.4"/>
    <property name="java.version" value="17.0.10"/>
    <property name="user.dir" value="D:\Desktop\oomall-2023\service"/>
    <property name="os.arch" value="amd64"/>
    <property name="java.vm.specification.name" value="Java Virtual Machine Specification"/>
    <property name="PID" value="16104"/>
    <property name="sun.os.patch.level" value=""/>
    <property name="CONSOLE_LOG_CHARSET" value="UTF-8"/>
    <property name="native.encoding" value="GBK"/>
    <property name="java.library.path" value="C:\Program Files\Java\jdk-17\bin;C:\WINDOWS\Sun\Java\bin;C:\WINDOWS\system32;C:\WINDOWS;C:\Program Files\Python311\Scripts\;C:\Program Files\Java\jdk-17\\bin;C:\Program Files\Python311\;C:\Windows\System64;C:\Program Files\Java\jdk-17\\jre\bin;C:\Program Files\Common Files\Oracle\Java\javapath;C:\Windows\system32;C:\Windows;C:\Windows\System32\Wbem;C:\Windows\System32\WindowsPowerShell\v1.0\;C:\Windows\System32\OpenSSH\;C:\Program Files (x86)\NVIDIA Corporation\PhysX\Common;C:\Program Files\Intel\WiFi\bin\;C:\Program Files\Common Files\Intel\WirelessCommon\;C:\WINDOWS\system32;C:\WINDOWS;C:\WINDOWS\System32\Wbem;C:\WINDOWS\System32\WindowsPowerShell\v1.0\;C:\WINDOWS\System32\OpenSSH\;C:\msys64\mingw64\bin;D:\Desktop\ffmpeg-6.1.1-essentials_build\ffmpeg-6.1.1-essentials_build\bin;C:\Program Files\MySQL\MySQL Server 8.0\bin;D:\maven\apache-maven-3.9.6-bin\apache-maven-3.9.6\bin;D:\Program Files (x86)\Redis\;D:\Program Files (x86)\;D:\Program Files (x86)\node.js;D:\Program Files (x86)\node.js\node_global;D:\devTool\nodejs\;D:\devTool\nodejs\node_global;\node_global;D:\ProgramFiles\svn\bin;D:\dev-tools\apache-tomcat-9.0.94-windows-x64\apache-tomcat-9.0.94\lib;D:\dev-tools\apache-tomcat-9.0.94-windows-x64\apache-tomcat-9.0.94\bin;D:\dev-tools\apache-tomcat-9.0.94-windows-x64\apache-tomcat-9.0.94\lib\servlet-api.jar;D:\Program Files (x86)\微信web开发者工具;D:\ProgramFiles;D:\masm32\bin;C:\Users\MI\AppData\Local\Programs\Ollama;C:\Users\MI\AppData\Roaming\npm;D:\ProgramFiles\IntelliJ IDEA 2024.1\bin;C:\Users\MI\AppData\Local\atom\bin;."/>
    <property name="java.vm.info" value="mixed mode, sharing"/>
    <property name="java.vendor" value="Oracle Corporation"/>
    <property name="java.vm.version" value="17.0.10+11-LTS-240"/>
    <property name="sun.io.unicode.encoding" value="UnicodeLittle"/>
    <property name="maven.repo.local" value="D:\maven\MAVEN_REPOSITORY"/>
    <property name="java.class.version" value="61.0"/>
    <property name="LOGGED_APPLICATION_NAME" value="[product-service] "/>
  </properties>
  <testcase name="testCancelService_Success" classname="com.xmu.service.service.ServiceOrderServiceTest" time="0.203"/>
</testsuite>